==2928== Memcheck, a memory error detector
==2928== Copyright (C) 2002-2017, and GNU GPL'd, by Julian Seward et al.
==2928== Using Valgrind-3.13.0 and LibVEX; rerun with -h for copyright info
==2928== Command: ./cub3d map.cub
==2928== Parent PID: 2927
==2928== 
==2928== Invalid free() / delete / delete[] / realloc()
==2928==    at 0x4C30D3B: free (in /usr/lib/valgrind/vgpreload_memcheck-amd64-linux.so)
==2928==    by 0x10E5BB: ft_windowname (in /home/user42/Cub3D/cub3d)
==2928==    by 0x10E889: main (in /home/user42/Cub3D/cub3d)
==2928==  Address 0x1fff0002e3 is on thread 1's stack
==2928== 
==2928== 
==2928== HEAP SUMMARY:
==2928==     in use at exit: 67,944 bytes in 39 blocks
==2928==   total heap usage: 85 allocs, 47 frees, 75,113 bytes allocated
==2928== 
==2928== 4 bytes in 1 blocks are still reachable in loss record 1 of 38
==2928==    at 0x4C2FB0F: malloc (in /usr/lib/valgrind/vgpreload_memcheck-amd64-linux.so)
==2928==    by 0x10E54A: ft_windowname (in /home/user42/Cub3D/cub3d)
==2928==    by 0x10E889: main (in /home/user42/Cub3D/cub3d)
==2928== 
==2928== 5 bytes in 1 blocks are still reachable in loss record 2 of 38
==2928==    at 0x4C2FB0F: malloc (in /usr/lib/valgrind/vgpreload_memcheck-amd64-linux.so)
==2928==    by 0x57C1A29: strdup (strdup.c:42)
==2928==    by 0x507BEE1: XOpenDisplay (in /usr/lib/x86_64-linux-gnu/libX11.so.6.3.0)
==2928==    by 0x116D52: mlx_init (in /home/user42/Cub3D/cub3d)
==2928==    by 0x10E89A: main (in /home/user42/Cub3D/cub3d)
==2928== 
==2928== 8 bytes in 1 blocks are still reachable in loss record 3 of 38
==2928==    at 0x4C2FB0F: malloc (in /usr/lib/valgrind/vgpreload_memcheck-amd64-linux.so)
==2928==    by 0x57C1A29: strdup (strdup.c:42)
==2928==    by 0x5075FD1: XInitExtension (in /usr/lib/x86_64-linux-gnu/libX11.so.6.3.0)
==2928==    by 0x4E48FDE: XextAddDisplay (in /usr/lib/x86_64-linux-gnu/libXext.so.6.4.0)
==2928==    by 0x4E444DC: XShmQueryVersion (in /usr/lib/x86_64-linux-gnu/libXext.so.6.4.0)
==2928==    by 0x116C2F: mlx_int_deal_shm (in /home/user42/Cub3D/cub3d)
==2928==    by 0x116DDB: mlx_init (in /home/user42/Cub3D/cub3d)
==2928==    by 0x10E89A: main (in /home/user42/Cub3D/cub3d)
==2928== 
==2928== 8 bytes in 1 blocks are still reachable in loss record 4 of 38
==2928==    at 0x4C2FB0F: malloc (in /usr/lib/valgrind/vgpreload_memcheck-amd64-linux.so)
==2928==    by 0x4E48D3E: ??? (in /usr/lib/x86_64-linux-gnu/libXext.so.6.4.0)
==2928==    by 0x4E48DAA: ??? (in /usr/lib/x86_64-linux-gnu/libXext.so.6.4.0)
==2928==    by 0x4E49181: XextAddDisplay (in /usr/lib/x86_64-linux-gnu/libXext.so.6.4.0)
==2928==    by 0x4E444DC: XShmQueryVersion (in /usr/lib/x86_64-linux-gnu/libXext.so.6.4.0)
==2928==    by 0x116C2F: mlx_int_deal_shm (in /home/user42/Cub3D/cub3d)
==2928==    by 0x116DDB: mlx_init (in /home/user42/Cub3D/cub3d)
==2928==    by 0x10E89A: main (in /home/user42/Cub3D/cub3d)
==2928== 
==2928== 10 bytes in 1 blocks are still reachable in loss record 5 of 38
==2928==    at 0x4C2FB0F: malloc (in /usr/lib/valgrind/vgpreload_memcheck-amd64-linux.so)
==2928==    by 0x57C1A29: strdup (strdup.c:42)
==2928==    by 0x5075FD1: XInitExtension (in /usr/lib/x86_64-linux-gnu/libX11.so.6.3.0)
==2928==    by 0x50E00FB: XkbUseExtension (in /usr/lib/x86_64-linux-gnu/libX11.so.6.3.0)
==2928==    by 0x507C953: XOpenDisplay (in /usr/lib/x86_64-linux-gnu/libX11.so.6.3.0)
==2928==    by 0x116D52: mlx_init (in /home/user42/Cub3D/cub3d)
==2928==    by 0x10E89A: main (in /home/user42/Cub3D/cub3d)
==2928== 
==2928== 16 bytes in 1 blocks are still reachable in loss record 6 of 38
==2928==    at 0x4C2FB0F: malloc (in /usr/lib/valgrind/vgpreload_memcheck-amd64-linux.so)
==2928==    by 0x5B2390D: ??? (in /usr/lib/x86_64-linux-gnu/libxcb.so.1.1.0)
==2928==    by 0x5B21E43: ??? (in /usr/lib/x86_64-linux-gnu/libxcb.so.1.1.0)
==2928==    by 0x5B20478: xcb_connect_to_fd (in /usr/lib/x86_64-linux-gnu/libxcb.so.1.1.0)
==2928==    by 0x5B24464: xcb_connect_to_display_with_auth_info (in /usr/lib/x86_64-linux-gnu/libxcb.so.1.1.0)
==2928==    by 0x508B561: _XConnectXCB (in /usr/lib/x86_64-linux-gnu/libX11.so.6.3.0)
==2928==    by 0x507BF01: XOpenDisplay (in /usr/lib/x86_64-linux-gnu/libX11.so.6.3.0)
==2928==    by 0x116D52: mlx_init (in /home/user42/Cub3D/cub3d)
==2928==    by 0x10E89A: main (in /home/user42/Cub3D/cub3d)
==2928== 
==2928== 21 bytes in 1 blocks are still reachable in loss record 7 of 38
==2928==    at 0x4C2FB0F: malloc (in /usr/lib/valgrind/vgpreload_memcheck-amd64-linux.so)
==2928==    by 0x507C385: XOpenDisplay (in /usr/lib/x86_64-linux-gnu/libX11.so.6.3.0)
==2928==    by 0x116D52: mlx_init (in /home/user42/Cub3D/cub3d)
==2928==    by 0x10E89A: main (in /home/user42/Cub3D/cub3d)
==2928== 
==2928== 24 bytes in 1 blocks are still reachable in loss record 8 of 38
==2928==    at 0x4C2FB0F: malloc (in /usr/lib/valgrind/vgpreload_memcheck-amd64-linux.so)
==2928==    by 0x4E48F4D: XextCreateExtension (in /usr/lib/x86_64-linux-gnu/libXext.so.6.4.0)
==2928==    by 0x4E48A14: ??? (in /usr/lib/x86_64-linux-gnu/libXext.so.6.4.0)
==2928==    by 0x4E48D97: ??? (in /usr/lib/x86_64-linux-gnu/libXext.so.6.4.0)
==2928==    by 0x4E49181: XextAddDisplay (in /usr/lib/x86_64-linux-gnu/libXext.so.6.4.0)
==2928==    by 0x4E444DC: XShmQueryVersion (in /usr/lib/x86_64-linux-gnu/libXext.so.6.4.0)
==2928==    by 0x116C2F: mlx_int_deal_shm (in /home/user42/Cub3D/cub3d)
==2928==    by 0x116DDB: mlx_init (in /home/user42/Cub3D/cub3d)
==2928==    by 0x10E89A: main (in /home/user42/Cub3D/cub3d)
==2928== 
==2928== 24 bytes in 1 blocks are still reachable in loss record 9 of 38
==2928==    at 0x4C2FB0F: malloc (in /usr/lib/valgrind/vgpreload_memcheck-amd64-linux.so)
==2928==    by 0x57C1A29: strdup (strdup.c:42)
==2928==    by 0x5075FD1: XInitExtension (in /usr/lib/x86_64-linux-gnu/libX11.so.6.3.0)
==2928==    by 0x4E48FDE: XextAddDisplay (in /usr/lib/x86_64-linux-gnu/libXext.so.6.4.0)
==2928==    by 0x4E48A52: ??? (in /usr/lib/x86_64-linux-gnu/libXext.so.6.4.0)
==2928==    by 0x4E48D97: ??? (in /usr/lib/x86_64-linux-gnu/libXext.so.6.4.0)
==2928==    by 0x4E49181: XextAddDisplay (in /usr/lib/x86_64-linux-gnu/libXext.so.6.4.0)
==2928==    by 0x4E444DC: XShmQueryVersion (in /usr/lib/x86_64-linux-gnu/libXext.so.6.4.0)
==2928==    by 0x116C2F: mlx_int_deal_shm (in /home/user42/Cub3D/cub3d)
==2928==    by 0x116DDB: mlx_init (in /home/user42/Cub3D/cub3d)
==2928==    by 0x10E89A: main (in /home/user42/Cub3D/cub3d)
==2928== 
==2928== 24 bytes in 1 blocks are still reachable in loss record 10 of 38
==2928==    at 0x4C2FB0F: malloc (in /usr/lib/valgrind/vgpreload_memcheck-amd64-linux.so)
==2928==    by 0x4E48DCD: ??? (in /usr/lib/x86_64-linux-gnu/libXext.so.6.4.0)
==2928==    by 0x4E49181: XextAddDisplay (in /usr/lib/x86_64-linux-gnu/libXext.so.6.4.0)
==2928==    by 0x4E444DC: XShmQueryVersion (in /usr/lib/x86_64-linux-gnu/libXext.so.6.4.0)
==2928==    by 0x116C2F: mlx_int_deal_shm (in /home/user42/Cub3D/cub3d)
==2928==    by 0x116DDB: mlx_init (in /home/user42/Cub3D/cub3d)
==2928==    by 0x10E89A: main (in /home/user42/Cub3D/cub3d)
==2928== 
==2928== 24 bytes in 1 blocks are still reachable in loss record 11 of 38
==2928==    at 0x4C2FB0F: malloc (in /usr/lib/valgrind/vgpreload_memcheck-amd64-linux.so)
==2928==    by 0x508BAD5: ??? (in /usr/lib/x86_64-linux-gnu/libX11.so.6.3.0)
==2928==    by 0x508C691: _XReply (in /usr/lib/x86_64-linux-gnu/libX11.so.6.3.0)
==2928==    by 0x4E44650: XShmPixmapFormat (in /usr/lib/x86_64-linux-gnu/libXext.so.6.4.0)
==2928==    by 0x116D1F: mlx_int_deal_shm (in /home/user42/Cub3D/cub3d)
==2928==    by 0x116DDB: mlx_init (in /home/user42/Cub3D/cub3d)
==2928==    by 0x10E89A: main (in /home/user42/Cub3D/cub3d)
==2928== 
==2928== 32 bytes in 1 blocks are still reachable in loss record 12 of 38
==2928==    at 0x4C2FA3F: malloc (in /usr/lib/valgrind/vgpreload_memcheck-amd64-linux.so)
==2928==    by 0x4C31D84: realloc (in /usr/lib/valgrind/vgpreload_memcheck-amd64-linux.so)
==2928==    by 0x5B23576: ??? (in /usr/lib/x86_64-linux-gnu/libxcb.so.1.1.0)
==2928==    by 0x5B235F9: xcb_get_extension_data (in /usr/lib/x86_64-linux-gnu/libxcb.so.1.1.0)
==2928==    by 0x5B20C4E: xcb_prefetch_maximum_request_length (in /usr/lib/x86_64-linux-gnu/libxcb.so.1.1.0)
==2928==    by 0x5B20CC4: xcb_get_maximum_request_length (in /usr/lib/x86_64-linux-gnu/libxcb.so.1.1.0)
==2928==    by 0x507C80B: XOpenDisplay (in /usr/lib/x86_64-linux-gnu/libX11.so.6.3.0)
==2928==    by 0x116D52: mlx_init (in /home/user42/Cub3D/cub3d)
==2928==    by 0x10E89A: main (in /home/user42/Cub3D/cub3d)
==2928== 
==2928== 32 bytes in 1 blocks are still reachable in loss record 13 of 38
==2928==    at 0x4C2FB0F: malloc (in /usr/lib/valgrind/vgpreload_memcheck-amd64-linux.so)
==2928==    by 0x5B22C5B: ??? (in /usr/lib/x86_64-linux-gnu/libxcb.so.1.1.0)
==2928==    by 0x5B20A07: ??? (in /usr/lib/x86_64-linux-gnu/libxcb.so.1.1.0)
==2928==    by 0x5B2206E: ??? (in /usr/lib/x86_64-linux-gnu/libxcb.so.1.1.0)
==2928==    by 0x5B2217F: xcb_wait_for_reply (in /usr/lib/x86_64-linux-gnu/libxcb.so.1.1.0)
==2928==    by 0x5B23642: xcb_get_extension_data (in /usr/lib/x86_64-linux-gnu/libxcb.so.1.1.0)
==2928==    by 0x5B20C4E: xcb_prefetch_maximum_request_length (in /usr/lib/x86_64-linux-gnu/libxcb.so.1.1.0)
==2928==    by 0x5B20CC4: xcb_get_maximum_request_length (in /usr/lib/x86_64-linux-gnu/libxcb.so.1.1.0)
==2928==    by 0x507C80B: XOpenDisplay (in /usr/lib/x86_64-linux-gnu/libX11.so.6.3.0)
==2928==    by 0x116D52: mlx_init (in /home/user42/Cub3D/cub3d)
==2928==    by 0x10E89A: main (in /home/user42/Cub3D/cub3d)
==2928== 
==2928== 32 bytes in 1 blocks are still reachable in loss record 14 of 38
==2928==    at 0x4C2FB0F: malloc (in /usr/lib/valgrind/vgpreload_memcheck-amd64-linux.so)
==2928==    by 0x4E48FBF: XextAddDisplay (in /usr/lib/x86_64-linux-gnu/libXext.so.6.4.0)
==2928==    by 0x4E444DC: XShmQueryVersion (in /usr/lib/x86_64-linux-gnu/libXext.so.6.4.0)
==2928==    by 0x116C2F: mlx_int_deal_shm (in /home/user42/Cub3D/cub3d)
==2928==    by 0x116DDB: mlx_init (in /home/user42/Cub3D/cub3d)
==2928==    by 0x10E89A: main (in /home/user42/Cub3D/cub3d)
==2928== 
==2928== 32 bytes in 1 blocks are still reachable in loss record 15 of 38
==2928==    at 0x4C2FB0F: malloc (in /usr/lib/valgrind/vgpreload_memcheck-amd64-linux.so)
==2928==    by 0x4E48FBF: XextAddDisplay (in /usr/lib/x86_64-linux-gnu/libXext.so.6.4.0)
==2928==    by 0x4E48A52: ??? (in /usr/lib/x86_64-linux-gnu/libXext.so.6.4.0)
==2928==    by 0x4E48D97: ??? (in /usr/lib/x86_64-linux-gnu/libXext.so.6.4.0)
==2928==    by 0x4E49181: XextAddDisplay (in /usr/lib/x86_64-linux-gnu/libXext.so.6.4.0)
==2928==    by 0x4E444DC: XShmQueryVersion (in /usr/lib/x86_64-linux-gnu/libXext.so.6.4.0)
==2928==    by 0x116C2F: mlx_int_deal_shm (in /home/user42/Cub3D/cub3d)
==2928==    by 0x116DDB: mlx_init (in /home/user42/Cub3D/cub3d)
==2928==    by 0x10E89A: main (in /home/user42/Cub3D/cub3d)
==2928== 
==2928== 33 bytes in 1 blocks are still reachable in loss record 16 of 38
==2928==    at 0x4C2FB0F: malloc (in /usr/lib/valgrind/vgpreload_memcheck-amd64-linux.so)
==2928==    by 0x5076DC7: _XUpdateAtomCache (in /usr/lib/x86_64-linux-gnu/libX11.so.6.3.0)
==2928==    by 0x5077189: XInternAtom (in /usr/lib/x86_64-linux-gnu/libX11.so.6.3.0)
==2928==    by 0x116DCD: mlx_init (in /home/user42/Cub3D/cub3d)
==2928==    by 0x10E89A: main (in /home/user42/Cub3D/cub3d)
==2928== 
==2928== 40 bytes in 1 blocks are still reachable in loss record 17 of 38
==2928==    at 0x4C2FB0F: malloc (in /usr/lib/valgrind/vgpreload_memcheck-amd64-linux.so)
==2928==    by 0x508D5BD: _XPollfdCacheInit (in /usr/lib/x86_64-linux-gnu/libX11.so.6.3.0)
==2928==    by 0x507C1B5: XOpenDisplay (in /usr/lib/x86_64-linux-gnu/libX11.so.6.3.0)
==2928==    by 0x116D52: mlx_init (in /home/user42/Cub3D/cub3d)
==2928==    by 0x10E89A: main (in /home/user42/Cub3D/cub3d)
==2928== 
==2928== 48 bytes in 1 blocks are still reachable in loss record 18 of 38
==2928==    at 0x4C2FB0F: malloc (in /usr/lib/valgrind/vgpreload_memcheck-amd64-linux.so)
==2928==    by 0x508B4E9: _XConnectXCB (in /usr/lib/x86_64-linux-gnu/libX11.so.6.3.0)
==2928==    by 0x507BF01: XOpenDisplay (in /usr/lib/x86_64-linux-gnu/libX11.so.6.3.0)
==2928==    by 0x116D52: mlx_init (in /home/user42/Cub3D/cub3d)
==2928==    by 0x10E89A: main (in /home/user42/Cub3D/cub3d)
==2928== 
==2928== 48 bytes in 1 blocks are still reachable in loss record 19 of 38
==2928==    at 0x4C2FB0F: malloc (in /usr/lib/valgrind/vgpreload_memcheck-amd64-linux.so)
==2928==    by 0x508B4FF: _XConnectXCB (in /usr/lib/x86_64-linux-gnu/libX11.so.6.3.0)
==2928==    by 0x507BF01: XOpenDisplay (in /usr/lib/x86_64-linux-gnu/libX11.so.6.3.0)
==2928==    by 0x116D52: mlx_init (in /home/user42/Cub3D/cub3d)
==2928==    by 0x10E89A: main (in /home/user42/Cub3D/cub3d)
==2928== 
==2928== 72 bytes in 1 blocks are still reachable in loss record 20 of 38
==2928==    at 0x4C31B25: calloc (in /usr/lib/valgrind/vgpreload_memcheck-amd64-linux.so)
==2928==    by 0x507C264: XOpenDisplay (in /usr/lib/x86_64-linux-gnu/libX11.so.6.3.0)
==2928==    by 0x116D52: mlx_init (in /home/user42/Cub3D/cub3d)
==2928==    by 0x10E89A: main (in /home/user42/Cub3D/cub3d)
==2928== 
==2928== 104 bytes in 1 blocks are still reachable in loss record 21 of 38
==2928==    at 0x4C31B25: calloc (in /usr/lib/valgrind/vgpreload_memcheck-amd64-linux.so)
==2928==    by 0x508B3EE: _XConnectXCB (in /usr/lib/x86_64-linux-gnu/libX11.so.6.3.0)
==2928==    by 0x507BF01: XOpenDisplay (in /usr/lib/x86_64-linux-gnu/libX11.so.6.3.0)
==2928==    by 0x116D52: mlx_init (in /home/user42/Cub3D/cub3d)
==2928==    by 0x10E89A: main (in /home/user42/Cub3D/cub3d)
==2928== 
==2928== 112 bytes in 1 blocks are still reachable in loss record 22 of 38
==2928==    at 0x4C31B25: calloc (in /usr/lib/valgrind/vgpreload_memcheck-amd64-linux.so)
==2928==    by 0x507C53F: XOpenDisplay (in /usr/lib/x86_64-linux-gnu/libX11.so.6.3.0)
==2928==    by 0x116D52: mlx_init (in /home/user42/Cub3D/cub3d)
==2928==    by 0x10E89A: main (in /home/user42/Cub3D/cub3d)
==2928== 
==2928== 120 bytes in 1 blocks are still reachable in loss record 23 of 38
==2928==    at 0x4C2FB0F: malloc (in /usr/lib/valgrind/vgpreload_memcheck-amd64-linux.so)
==2928==    by 0x116D3A: mlx_init (in /home/user42/Cub3D/cub3d)
==2928==    by 0x10E89A: main (in /home/user42/Cub3D/cub3d)
==2928== 
==2928== 128 bytes in 1 blocks are still reachable in loss record 24 of 38
==2928==    at 0x4C31B25: calloc (in /usr/lib/valgrind/vgpreload_memcheck-amd64-linux.so)
==2928==    by 0x507C46F: XOpenDisplay (in /usr/lib/x86_64-linux-gnu/libX11.so.6.3.0)
==2928==    by 0x116D52: mlx_init (in /home/user42/Cub3D/cub3d)
==2928==    by 0x10E89A: main (in /home/user42/Cub3D/cub3d)
==2928== 
==2928== 128 bytes in 1 blocks are still reachable in loss record 25 of 38
==2928==    at 0x4C31B25: calloc (in /usr/lib/valgrind/vgpreload_memcheck-amd64-linux.so)
==2928==    by 0x5075FBE: XInitExtension (in /usr/lib/x86_64-linux-gnu/libX11.so.6.3.0)
==2928==    by 0x50E00FB: XkbUseExtension (in /usr/lib/x86_64-linux-gnu/libX11.so.6.3.0)
==2928==    by 0x507C953: XOpenDisplay (in /usr/lib/x86_64-linux-gnu/libX11.so.6.3.0)
==2928==    by 0x116D52: mlx_init (in /home/user42/Cub3D/cub3d)
==2928==    by 0x10E89A: main (in /home/user42/Cub3D/cub3d)
==2928== 
==2928== 128 bytes in 1 blocks are still reachable in loss record 26 of 38
==2928==    at 0x4C31B25: calloc (in /usr/lib/valgrind/vgpreload_memcheck-amd64-linux.so)
==2928==    by 0x5075FBE: XInitExtension (in /usr/lib/x86_64-linux-gnu/libX11.so.6.3.0)
==2928==    by 0x4E48FDE: XextAddDisplay (in /usr/lib/x86_64-linux-gnu/libXext.so.6.4.0)
==2928==    by 0x4E444DC: XShmQueryVersion (in /usr/lib/x86_64-linux-gnu/libXext.so.6.4.0)
==2928==    by 0x116C2F: mlx_int_deal_shm (in /home/user42/Cub3D/cub3d)
==2928==    by 0x116DDB: mlx_init (in /home/user42/Cub3D/cub3d)
==2928==    by 0x10E89A: main (in /home/user42/Cub3D/cub3d)
==2928== 
==2928== 128 bytes in 1 blocks are still reachable in loss record 27 of 38
==2928==    at 0x4C31B25: calloc (in /usr/lib/valgrind/vgpreload_memcheck-amd64-linux.so)
==2928==    by 0x5075FBE: XInitExtension (in /usr/lib/x86_64-linux-gnu/libX11.so.6.3.0)
==2928==    by 0x4E48FDE: XextAddDisplay (in /usr/lib/x86_64-linux-gnu/libXext.so.6.4.0)
==2928==    by 0x4E48A52: ??? (in /usr/lib/x86_64-linux-gnu/libXext.so.6.4.0)
==2928==    by 0x4E48D97: ??? (in /usr/lib/x86_64-linux-gnu/libXext.so.6.4.0)
==2928==    by 0x4E49181: XextAddDisplay (in /usr/lib/x86_64-linux-gnu/libXext.so.6.4.0)
==2928==    by 0x4E444DC: XShmQueryVersion (in /usr/lib/x86_64-linux-gnu/libXext.so.6.4.0)
==2928==    by 0x116C2F: mlx_int_deal_shm (in /home/user42/Cub3D/cub3d)
==2928==    by 0x116DDB: mlx_init (in /home/user42/Cub3D/cub3d)
==2928==    by 0x10E89A: main (in /home/user42/Cub3D/cub3d)
==2928== 
==2928== 152 bytes in 1 blocks are still reachable in loss record 28 of 38
==2928==    at 0x4C31B25: calloc (in /usr/lib/valgrind/vgpreload_memcheck-amd64-linux.so)
==2928==    by 0x50E01EE: XkbUseExtension (in /usr/lib/x86_64-linux-gnu/libX11.so.6.3.0)
==2928==    by 0x507C953: XOpenDisplay (in /usr/lib/x86_64-linux-gnu/libX11.so.6.3.0)
==2928==    by 0x116D52: mlx_init (in /home/user42/Cub3D/cub3d)
==2928==    by 0x10E89A: main (in /home/user42/Cub3D/cub3d)
==2928== 
==2928== 160 bytes in 1 blocks are still reachable in loss record 29 of 38
==2928==    at 0x4C2FB0F: malloc (in /usr/lib/valgrind/vgpreload_memcheck-amd64-linux.so)
==2928==    by 0x506A2FB: XCreateGC (in /usr/lib/x86_64-linux-gnu/libX11.so.6.3.0)
==2928==    by 0x507C887: XOpenDisplay (in /usr/lib/x86_64-linux-gnu/libX11.so.6.3.0)
==2928==    by 0x116D52: mlx_init (in /home/user42/Cub3D/cub3d)
==2928==    by 0x10E89A: main (in /home/user42/Cub3D/cub3d)
==2928== 
==2928== 168 bytes in 1 blocks are still reachable in loss record 30 of 38
==2928==    at 0x4C31B25: calloc (in /usr/lib/valgrind/vgpreload_memcheck-amd64-linux.so)
==2928==    by 0x507C3F0: XOpenDisplay (in /usr/lib/x86_64-linux-gnu/libX11.so.6.3.0)
==2928==    by 0x116D52: mlx_init (in /home/user42/Cub3D/cub3d)
==2928==    by 0x10E89A: main (in /home/user42/Cub3D/cub3d)
==2928== 
==2928== 208 bytes in 1 blocks are still reachable in loss record 31 of 38
==2928==    at 0x4C2FB0F: malloc (in /usr/lib/valgrind/vgpreload_memcheck-amd64-linux.so)
==2928==    by 0x4E48CE9: ??? (in /usr/lib/x86_64-linux-gnu/libXext.so.6.4.0)
==2928==    by 0x4E48DAA: ??? (in /usr/lib/x86_64-linux-gnu/libXext.so.6.4.0)
==2928==    by 0x4E49181: XextAddDisplay (in /usr/lib/x86_64-linux-gnu/libXext.so.6.4.0)
==2928==    by 0x4E444DC: XShmQueryVersion (in /usr/lib/x86_64-linux-gnu/libXext.so.6.4.0)
==2928==    by 0x116C2F: mlx_int_deal_shm (in /home/user42/Cub3D/cub3d)
==2928==    by 0x116DDB: mlx_init (in /home/user42/Cub3D/cub3d)
==2928==    by 0x10E89A: main (in /home/user42/Cub3D/cub3d)
==2928== 
==2928== 512 bytes in 1 blocks are still reachable in loss record 32 of 38
==2928==    at 0x4C31B25: calloc (in /usr/lib/valgrind/vgpreload_memcheck-amd64-linux.so)
==2928==    by 0x5076CF3: ??? (in /usr/lib/x86_64-linux-gnu/libX11.so.6.3.0)
==2928==    by 0x50770A9: XInternAtom (in /usr/lib/x86_64-linux-gnu/libX11.so.6.3.0)
==2928==    by 0x116DCD: mlx_init (in /home/user42/Cub3D/cub3d)
==2928==    by 0x10E89A: main (in /home/user42/Cub3D/cub3d)
==2928== 
==2928== 1,331 bytes in 1 blocks are still reachable in loss record 33 of 38
==2928==    at 0x4C2FB0F: malloc (in /usr/lib/valgrind/vgpreload_memcheck-amd64-linux.so)
==2928==    by 0x507C9BF: XOpenDisplay (in /usr/lib/x86_64-linux-gnu/libX11.so.6.3.0)
==2928==    by 0x116D52: mlx_init (in /home/user42/Cub3D/cub3d)
==2928==    by 0x10E89A: main (in /home/user42/Cub3D/cub3d)
==2928== 
==2928== 4,680 bytes in 1 blocks are still reachable in loss record 34 of 38
==2928==    at 0x4C31B25: calloc (in /usr/lib/valgrind/vgpreload_memcheck-amd64-linux.so)
==2928==    by 0x507BECD: XOpenDisplay (in /usr/lib/x86_64-linux-gnu/libX11.so.6.3.0)
==2928==    by 0x116D52: mlx_init (in /home/user42/Cub3D/cub3d)
==2928==    by 0x10E89A: main (in /home/user42/Cub3D/cub3d)
==2928== 
==2928== 6,692 bytes in 1 blocks are still reachable in loss record 35 of 38
==2928==    at 0x4C31D2F: realloc (in /usr/lib/valgrind/vgpreload_memcheck-amd64-linux.so)
==2928==    by 0x5B205AD: xcb_connect_to_fd (in /usr/lib/x86_64-linux-gnu/libxcb.so.1.1.0)
==2928==    by 0x5B24464: xcb_connect_to_display_with_auth_info (in /usr/lib/x86_64-linux-gnu/libxcb.so.1.1.0)
==2928==    by 0x508B561: _XConnectXCB (in /usr/lib/x86_64-linux-gnu/libX11.so.6.3.0)
==2928==    by 0x507BF01: XOpenDisplay (in /usr/lib/x86_64-linux-gnu/libX11.so.6.3.0)
==2928==    by 0x116D52: mlx_init (in /home/user42/Cub3D/cub3d)
==2928==    by 0x10E89A: main (in /home/user42/Cub3D/cub3d)
==2928== 
==2928== 15,120 bytes in 2 blocks are still reachable in loss record 36 of 38
==2928==    at 0x4C31B25: calloc (in /usr/lib/valgrind/vgpreload_memcheck-amd64-linux.so)
==2928==    by 0x507C673: XOpenDisplay (in /usr/lib/x86_64-linux-gnu/libX11.so.6.3.0)
==2928==    by 0x116D52: mlx_init (in /home/user42/Cub3D/cub3d)
==2928==    by 0x10E89A: main (in /home/user42/Cub3D/cub3d)
==2928== 
==2928== 16,384 bytes in 1 blocks are still reachable in loss record 37 of 38
==2928==    at 0x4C31B25: calloc (in /usr/lib/valgrind/vgpreload_memcheck-amd64-linux.so)
==2928==    by 0x507C205: XOpenDisplay (in /usr/lib/x86_64-linux-gnu/libX11.so.6.3.0)
==2928==    by 0x116D52: mlx_init (in /home/user42/Cub3D/cub3d)
==2928==    by 0x10E89A: main (in /home/user42/Cub3D/cub3d)
==2928== 
==2928== 21,152 bytes in 1 blocks are still reachable in loss record 38 of 38
==2928==    at 0x4C31B25: calloc (in /usr/lib/valgrind/vgpreload_memcheck-amd64-linux.so)
==2928==    by 0x5B203C0: xcb_connect_to_fd (in /usr/lib/x86_64-linux-gnu/libxcb.so.1.1.0)
==2928==    by 0x5B24464: xcb_connect_to_display_with_auth_info (in /usr/lib/x86_64-linux-gnu/libxcb.so.1.1.0)
==2928==    by 0x508B561: _XConnectXCB (in /usr/lib/x86_64-linux-gnu/libX11.so.6.3.0)
==2928==    by 0x507BF01: XOpenDisplay (in /usr/lib/x86_64-linux-gnu/libX11.so.6.3.0)
==2928==    by 0x116D52: mlx_init (in /home/user42/Cub3D/cub3d)
==2928==    by 0x10E89A: main (in /home/user42/Cub3D/cub3d)
==2928== 
==2928== LEAK SUMMARY:
==2928==    definitely lost: 0 bytes in 0 blocks
==2928==    indirectly lost: 0 bytes in 0 blocks
==2928==      possibly lost: 0 bytes in 0 blocks
==2928==    still reachable: 67,944 bytes in 39 blocks
==2928==         suppressed: 0 bytes in 0 blocks
==2928== 
==2928== For counts of detected and suppressed errors, rerun with: -v
==2928== ERROR SUMMARY: 1 errors from 1 contexts (suppressed: 0 from 0)
